[36m2025-08-19 18:36:07,734[0m - [35mINFO[0m - [34m[Wowxxx][0m [32mSearching wow.xxx for 'deepthroat friend' (up to 1 pages)[0m
[36m2025-08-19 18:36:07,779[0m - [35mERROR[0m - [34m[Wowxxx][0m [32mFailed to initialize Selenium driver: Message: Unable to obtain driver for chrome; For documentation on this error, please visit: https://www.selenium.dev/documentation/webdriver/troubleshooting/errors/driver_location
[0m
[36m2025-08-19 18:36:10,261[0m - [35mERROR[0m - [34m[Wowxxx][0m [32mRequest failed for page 1: 404 Client Error: Not Found for url: https://www.wow.xxx/search/deepthroat+friend[0m
[36m2025-08-19 18:36:10,270[0m - [35mINFO[0m - [34m[Wowxxx][0m [32mSuccessfully extracted 0 videos[0m
[36m2025-08-19 18:48:08,186[0m - [35mINFO[0m - [34m[Wowxxx][0m [32mSearching wow.xxx for 'deepthroat friend' (up to 1 pages)[0m
[36m2025-08-19 18:48:13,126[0m - [35mWARNING[0m - [34m[Wowxxx][0m [32mNo video items found on page 1[0m
[36m2025-08-19 18:48:13,129[0m - [35mINFO[0m - [34m[Wowxxx][0m [32mSuccessfully extracted 0 videos[0m
[36m2025-08-19 18:48:21,513[0m - [35mINFO[0m - [34m[Wowxxx][0m [32mSearching wow.xxx for 'deepthroat friend' (up to 1 pages)[0m
[36m2025-08-19 18:48:24,165[0m - [35mWARNING[0m - [34m[Wowxxx][0m [32mNo video items found on page 1[0m
[36m2025-08-19 18:48:24,168[0m - [35mINFO[0m - [34m[Wowxxx][0m [32mSuccessfully extracted 0 videos[0m
[36m2025-08-19 18:50:28,088[0m - [35mINFO[0m - [34m[Wowxxx][0m [32mSearching wow.xxx for 'deepthroat friend' (up to 1 pages)[0m
[36m2025-08-19 18:50:32,064[0m - [35mWARNING[0m - [34m[Wowxxx][0m [32mNo video items found on page 1[0m
[36m2025-08-19 18:50:32,067[0m - [35mINFO[0m - [34m[Wowxxx][0m [32mSuccessfully extracted 0 videos[0m
[36m2025-08-19 18:51:31,093[0m - [35mINFO[0m - [34m[Wowxxx][0m [32mSearching wow.xxx for 'deepthroat friend' (up to 1 pages)[0m
[36m2025-08-19 18:51:33,463[0m - [35mWARNING[0m - [34m[Wowxxx][0m [32mNo video items found on page 1[0m
[36m2025-08-19 18:51:33,466[0m - [35mINFO[0m - [34m[Wowxxx][0m [32mSuccessfully extracted 0 videos[0m
[36m2025-08-19 19:57:45,705[0m - [35mINFO[0m - [34m[Wowxxx][0m [32mSearching wow.xxx for 'deepthroat friend' (up to 1 pages)[0m
[36m2025-08-19 19:57:50,426[0m - [35mWARNING[0m - [34m[Wowxxx][0m [32mNo video items found on page 1[0m
[36m2025-08-19 19:57:50,428[0m - [35mINFO[0m - [34m[Wowxxx][0m [32mSuccessfully extracted 0 videos[0m
[36m2025-08-19 20:01:49,102[0m - [35mINFO[0m - [34m[Wowxxx][0m [32mSearching wow.xxx for 'deepthroat friendy' (up to 1 pages)[0m
[36m2025-08-19 20:01:51,817[0m - [35mWARNING[0m - [34m[Wowxxx][0m [32mNo video items found on page 1[0m
[36m2025-08-19 20:01:51,819[0m - [35mINFO[0m - [34m[Wowxxx][0m [32mSuccessfully extracted 0 videos[0m
[36m2025-08-19 20:08:10,499[0m - [35mINFO[0m - [34m[Wowxxx][0m [32mSearching wow.xxx for 'deepthroat friendy' (up to 1 pages)[0m
[36m2025-08-19 20:08:14,152[0m - [35mWARNING[0m - [34m[Wowxxx][0m [32mNo video items found on page 1[0m
[36m2025-08-19 20:08:14,152[0m - [35mINFO[0m - [34m[Wowxxx][0m [32mDetected end of results at page 1 (no items found).[0m
[36m2025-08-19 20:08:14,153[0m - [35mINFO[0m - [34m[Wowxxx][0m [32mSuccessfully extracted 0 videos[0m
[36m2025-08-19 20:16:28,953[0m - [35mINFO[0m - [34m[Wowxxx][0m [32mSearching wow.xxx for 'deepthroat friendy' (up to 1 pages)[0m
[36m2025-08-19 20:16:31,651[0m - [35mWARNING[0m - [34m[Wowxxx][0m [32mNo video items found on page 1[0m
[36m2025-08-19 20:16:31,653[0m - [35mINFO[0m - [34m[Wowxxx][0m [32mSuccessfully extracted 0 videos[0m
[36m2025-08-19 20:17:41,742[0m - [35mINFO[0m - [34m[Wowxxx][0m [32mSearching wow.xxx for 'deepthroat friend' (up to 1 pages)[0m
[36m2025-08-19 20:17:44,396[0m - [35mWARNING[0m - [34m[Wowxxx][0m [32mNo video items found on page 1[0m
[36m2025-08-19 20:17:44,398[0m - [35mINFO[0m - [34m[Wowxxx][0m [32mSuccessfully extracted 0 videos[0m
[36m2025-08-19 20:18:13,567[0m - [35mINFO[0m - [34m[Wowxxx][0m [32mSearching wow.xxx for 'deepthroat' (up to 1 pages)[0m
[36m2025-08-19 20:18:17,050[0m - [35mWARNING[0m - [34m[Wowxxx][0m [32mNo video items found on page 1[0m
[36m2025-08-19 20:18:17,051[0m - [35mINFO[0m - [34m[Wowxxx][0m [32mSuccessfully extracted 0 videos[0m
[36m2025-08-19 21:14:53,929[0m - [35mINFO[0m - [34m[Wowxxx][0m [32mSearching wow.xxx for 'deepthroat' (up to 1 pages)[0m
[36m2025-08-19 21:14:57,098[0m - [35mINFO[0m - [34m[Wowxxx][0m [32mSuccessfully extracted 0 videos[0m
[36m2025-08-19 21:21:37,531[0m - [35mINFO[0m - [34m[Wowxxx][0m [32mSuccessfully accessed https://www.wow.xxx with status code 200[0m
[36m2025-08-19 21:21:37,535[0m - [35mINFO[0m - [34m[Wowxxx][0m [32mSearching wow.xxx for 'deepthroat' (up to 1 pages)[0m
[36m2025-08-19 21:21:41,311[0m - [35mINFO[0m - [34m[Wowxxx][0m [32mSuccessfully extracted 0 videos[0m
[36m2025-08-19 21:53:03,540[0m - [35mINFO[0m - [34m[Wowxxx][0m [32mSearching wow.xxx for 'deepthroat' (up to 1 pages)[0m
[36m2025-08-19 21:53:08,582[0m - [35mWARNING[0m - [34m[Wowxxx][0m [32mNo video items found on page 1[0m
[36m2025-08-19 21:53:08,583[0m - [35mINFO[0m - [34m[Wowxxx][0m [32mDetected end of results at page 1[0m
[36m2025-08-19 21:53:08,584[0m - [35mINFO[0m - [34m[Wowxxx][0m [32mSuccessfully extracted 0 videos[0m
[36m2025-08-19 21:53:34,061[0m - [35mINFO[0m - [34m[Wowxxx][0m [32mSearching wow.xxx for 'deepthroat sluts' (up to 1 pages)[0m
[36m2025-08-19 21:53:38,882[0m - [35mWARNING[0m - [34m[Wowxxx][0m [32mNo video items found on page 1[0m
[36m2025-08-19 21:53:38,883[0m - [35mINFO[0m - [34m[Wowxxx][0m [32mDetected end of results at page 1[0m
[36m2025-08-19 21:53:38,883[0m - [35mINFO[0m - [34m[Wowxxx][0m [32mSuccessfully extracted 0 videos[0m
[36m2025-08-19 22:17:34,333[0m - [35mWARNING[0m - [34m[Wowxxx][0m Site requires JavaScript, but Selenium is not installed or failed to load. Results might be incomplete or missing.[0m
[36m2025-08-19 22:17:34,334[0m - [35mINFO[0m - [34m[Wowxxx][0m Starting search for 'bj' on https://www.wow.xxx. Fetching up to 1 pages.[0m
[36m2025-08-19 22:17:36,585[0m - [35mINFO[0m - [34m[Wowxxx][0m Fetching page 1: https://www.wow.xxx/popular/search/bj/top-rated/[0m
[36m2025-08-19 22:17:37,084[0m - [35mWARNING[0m - [34m[Wowxxx][0m Could not find any video items using primary or fallback selectors.[0m
[36m2025-08-19 22:17:37,084[0m - [35mWARNING[0m - [34m[Wowxxx][0m No video items found on page 1 using available selectors.[0m
[36m2025-08-19 22:17:37,085[0m - [35mINFO[0m - [34m[Wowxxx][0m Detected end of results based on missing items.[0m
[36m2025-08-19 22:17:37,085[0m - [35mINFO[0m - [34m[Wowxxx][0m Search finished. Found 0 valid video results (requested limit: 30).[0m
[36m2025-08-19 22:17:37,086[0m - [35mCRITICAL[0m - [34m[Wowxxx][0m An unhandled critical error occurred: 'Session' object has no attribute 'closed'[0m
Traceback (most recent call last):
  File "/data/data/com.termux/files/home/bingx/wow/xx.py", line 2076, in main
    if session and not session.closed: session.close()
                       ^^^^^^^^^^^^^^
AttributeError: 'Session' object has no attribute 'closed'. Did you mean: 'close'?
[36m2025-08-19 22:17:37,090[0m - [35mCRITICAL[0m - [34m[Wowxxx][0m Unhandled exception during script execution: 'Session' object has no attribute 'closed'[0m
Traceback (most recent call last):
  File "/data/data/com.termux/files/home/bingx/wow/xx.py", line 2076, in main
    if session and not session.closed: session.close()
                       ^^^^^^^^^^^^^^
AttributeError: 'Session' object has no attribute 'closed'. Did you mean: 'close'?

During handling of the above exception, another exception occurred:

Traceback (most recent call last):
  File "/data/data/com.termux/files/home/bingx/wow/xx.py", line 2163, in main
    if session and not session.closed: session.close()
                       ^^^^^^^^^^^^^^
AttributeError: 'Session' object has no attribute 'closed'. Did you mean: 'close'?

During handling of the above exception, another exception occurred:

Traceback (most recent call last):
  File "/data/data/com.termux/files/home/bingx/wow/xx.py", line 2184, in <module>
    main()
  File "/data/data/com.termux/files/home/bingx/wow/xx.py", line 2167, in main
    if session and not session.closed:
                       ^^^^^^^^^^^^^^
AttributeError: 'Session' object has no attribute 'closed'. Did you mean: 'close'?
[36m2025-08-19 22:33:37,065[0m - [35mWARNING[0m - [34m[Wowxxx][0m Site requires JavaScript, but Selenium is not installed or failed to load. Results might be incomplete or missing.[0m
[36m2025-08-19 22:33:37,066[0m - [35mINFO[0m - [34m[Wowxxx][0m Starting search for 'bj' on https://www.wow.xxx. Fetching up to 1 pages.[0m
[36m2025-08-19 22:33:41,591[0m - [35mINFO[0m - [34m[Wowxxx][0m Fetching page 1: https://www.wow.xxx/popular/search/bj/top-rated/[0m
[36m2025-08-19 22:33:42,058[0m - [35mWARNING[0m - [34m[Wowxxx][0m Could not find any video items using primary or fallback selectors.[0m
[36m2025-08-19 22:33:42,059[0m - [35mWARNING[0m - [34m[Wowxxx][0m No video items found on page 1 using available selectors.[0m
[36m2025-08-19 22:33:42,059[0m - [35mINFO[0m - [34m[Wowxxx][0m Detected end of results based on missing items.[0m
[36m2025-08-19 22:33:42,059[0m - [35mINFO[0m - [34m[Wowxxx][0m Search finished. Found 0 valid video results (requested limit: 30).[0m
[36m2025-08-19 22:33:42,060[0m - [35mCRITICAL[0m - [34m[Wowxxx][0m An unhandled critical error occurred: 'Session' object has no attribute 'closed'[0m
Traceback (most recent call last):
  File "/data/data/com.termux/files/home/bingx/wow/xx.py", line 2076, in main
    if session and not session.closed: session.close()
                       ^^^^^^^^^^^^^^
AttributeError: 'Session' object has no attribute 'closed'. Did you mean: 'close'?
[36m2025-08-19 22:33:42,068[0m - [35mCRITICAL[0m - [34m[Wowxxx][0m Unhandled exception during script execution: 'Session' object has no attribute 'closed'[0m
Traceback (most recent call last):
  File "/data/data/com.termux/files/home/bingx/wow/xx.py", line 2076, in main
    if session and not session.closed: session.close()
                       ^^^^^^^^^^^^^^
AttributeError: 'Session' object has no attribute 'closed'. Did you mean: 'close'?

During handling of the above exception, another exception occurred:

Traceback (most recent call last):
  File "/data/data/com.termux/files/home/bingx/wow/xx.py", line 2163, in main
    if session and not session.closed: session.close()
                       ^^^^^^^^^^^^^^
AttributeError: 'Session' object has no attribute 'closed'. Did you mean: 'close'?

During handling of the above exception, another exception occurred:

Traceback (most recent call last):
  File "/data/data/com.termux/files/home/bingx/wow/xx.py", line 2184, in <module>
    main()
  File "/data/data/com.termux/files/home/bingx/wow/xx.py", line 2167, in main
    if session and not session.closed:
                       ^^^^^^^^^^^^^^
AttributeError: 'Session' object has no attribute 'closed'. Did you mean: 'close'?
[36m2025-08-19 22:35:26,532[0m - [35mWARNING[0m - [34m[Wowxxx][0m Site requires JavaScript, but Selenium is not installed or failed to load. Results might be incomplete or missing.[0m
[36m2025-08-19 22:35:26,533[0m - [35mINFO[0m - [34m[Wowxxx][0m Starting search for 'bj' on https://www.wow.xxx. Fetching up to 1 pages.[0m
[36m2025-08-19 22:35:30,756[0m - [35mINFO[0m - [34m[Wowxxx][0m Fetching page 1: https://www.wow.xxx/popular/search/bj/top-rated/[0m
[36m2025-08-19 22:35:31,296[0m - [35mWARNING[0m - [34m[Wowxxx][0m Could not find any video items using primary or fallback selectors.[0m
[36m2025-08-19 22:35:31,296[0m - [35mWARNING[0m - [34m[Wowxxx][0m No video items found on page 1 using available selectors.[0m
[36m2025-08-19 22:35:31,296[0m - [35mINFO[0m - [34m[Wowxxx][0m Detected end of results based on missing items.[0m
[36m2025-08-19 22:35:31,297[0m - [35mINFO[0m - [34m[Wowxxx][0m Search finished. Found 0 valid video results (requested limit: 30).[0m
[36m2025-08-19 22:35:31,297[0m - [35mCRITICAL[0m - [34m[Wowxxx][0m An unhandled critical error occurred: 'Session' object has no attribute 'closed'[0m
Traceback (most recent call last):
  File "/data/data/com.termux/files/home/bingx/wow/xx.py", line 2076, in main
    if session and not session.closed: session.close()
                       ^^^^^^^^^^^^^^
AttributeError: 'Session' object has no attribute 'closed'. Did you mean: 'close'?
[36m2025-08-19 22:35:31,307[0m - [35mCRITICAL[0m - [34m[Wowxxx][0m Unhandled exception during script execution: 'Session' object has no attribute 'closed'[0m
Traceback (most recent call last):
  File "/data/data/com.termux/files/home/bingx/wow/xx.py", line 2076, in main
    if session and not session.closed: session.close()
                       ^^^^^^^^^^^^^^
AttributeError: 'Session' object has no attribute 'closed'. Did you mean: 'close'?

During handling of the above exception, another exception occurred:

Traceback (most recent call last):
  File "/data/data/com.termux/files/home/bingx/wow/xx.py", line 2163, in main
    if session and not session.closed: session.close()
                       ^^^^^^^^^^^^^^
AttributeError: 'Session' object has no attribute 'closed'. Did you mean: 'close'?

During handling of the above exception, another exception occurred:

Traceback (most recent call last):
  File "/data/data/com.termux/files/home/bingx/wow/xx.py", line 2184, in <module>
    main()
  File "/data/data/com.termux/files/home/bingx/wow/xx.py", line 2167, in main
    if session and not session.closed:
                       ^^^^^^^^^^^^^^
AttributeError: 'Session' object has no attribute 'closed'. Did you mean: 'close'?
